<?xml version="1.0" encoding="UTF-8"?>
<robot generator="Robot 3.1.2 (Python 3.8.1 on win32)" generated="20200219 00:10:44.782" rpa="false">
<suite id="s1" name="MyTest02 Locators" source="C:\Users\Acer\PycharmProjects\NewRobotProj1\TestCases\MyTest02_Locators.robot">
<test id="s1-t1" name="Robot First Test Case">
<kw name="Start Browser and Maximize" library="Resources1">
<kw name="Open Browser" library="SeleniumLibrary">
<doc>Opens a new browser instance to the optional ``url``.</doc>
<arguments>
<arg>${URL}</arg>
<arg>${Browser}</arg>
</arguments>
<msg timestamp="20200219 00:10:45.015" level="INFO">Opening browser 'Chrome' to base url 'https://www.thetestingworld.com/testings/'.</msg>
<status status="PASS" starttime="20200219 00:10:45.015" endtime="20200219 00:10:49.435"></status>
</kw>
<kw name="Maximize Browser Window" library="SeleniumLibrary">
<doc>Maximizes current browser window.</doc>
<status status="PASS" starttime="20200219 00:10:49.435" endtime="20200219 00:10:50.560"></status>
</kw>
<status status="PASS" starttime="20200219 00:10:45.015" endtime="20200219 00:10:50.560"></status>
</kw>
<kw name="UserName">
<kw name="Input Text" library="SeleniumLibrary">
<doc>Types the given ``text`` into the text field identified by ``locator``.</doc>
<arguments>
<arg>name:fld_username</arg>
<arg>TestingWorld</arg>
</arguments>
<msg timestamp="20200219 00:10:50.563" level="INFO">Typing text 'TestingWorld' into text field 'name:fld_username'.</msg>
<status status="PASS" starttime="20200219 00:10:50.561" endtime="20200219 00:10:50.762"></status>
</kw>
<kw name="Input Text" library="SeleniumLibrary">
<doc>Types the given ``text`` into the text field identified by ``locator``.</doc>
<arguments>
<arg>name:fld_email</arg>
<arg>testingworld@practice.com</arg>
</arguments>
<msg timestamp="20200219 00:10:50.763" level="INFO">Typing text 'testingworld@practice.com' into text field 'name:fld_email'.</msg>
<status status="PASS" starttime="20200219 00:10:50.762" endtime="20200219 00:10:51.042"></status>
</kw>
<status status="PASS" starttime="20200219 00:10:50.560" endtime="20200219 00:10:51.043"></status>
</kw>
<kw name="Password">
<arguments>
<arg>Pass@123</arg>
</arguments>
<kw name="Input Text" library="SeleniumLibrary">
<doc>Types the given ``text`` into the text field identified by ``locator``.</doc>
<arguments>
<arg>name:fld_password</arg>
<arg>${Pass}</arg>
</arguments>
<msg timestamp="20200219 00:10:51.045" level="INFO">Typing text 'Pass@123' into text field 'name:fld_password'.</msg>
<status status="PASS" starttime="20200219 00:10:51.044" endtime="20200219 00:10:51.199"></status>
</kw>
<kw name="Input Text" library="SeleniumLibrary">
<doc>Types the given ``text`` into the text field identified by ``locator``.</doc>
<arguments>
<arg>xpath://input[@name='fld_cpassword']</arg>
<arg>${Pass}</arg>
</arguments>
<msg timestamp="20200219 00:10:51.199" level="INFO">Typing text 'Pass@123' into text field 'xpath://input[@name='fld_cpassword']'.</msg>
<status status="PASS" starttime="20200219 00:10:51.199" endtime="20200219 00:10:51.314"></status>
</kw>
<status status="PASS" starttime="20200219 00:10:51.043" endtime="20200219 00:10:51.314"></status>
</kw>
<kw name="Input Text" library="SeleniumLibrary">
<doc>Types the given ``text`` into the text field identified by ``locator``.</doc>
<arguments>
<arg>id:datepicker</arg>
<arg>01/01/2000</arg>
</arguments>
<msg timestamp="20200219 00:10:51.315" level="INFO">Typing text '01/01/2000' into text field 'id:datepicker'.</msg>
<status status="PASS" starttime="20200219 00:10:51.315" endtime="20200219 00:10:51.506"></status>
</kw>
<kw name="PhoneAddress" library="Resources1">
<arguments>
<arg>1234567890</arg>
<arg>GeraVihar,Viman Nagar</arg>
</arguments>
<kw name="Input Text" library="SeleniumLibrary">
<doc>Types the given ``text`` into the text field identified by ``locator``.</doc>
<arguments>
<arg>name:phone</arg>
<arg>${Phone}</arg>
</arguments>
<msg timestamp="20200219 00:10:51.508" level="INFO">Typing text '1234567890' into text field 'name:phone'.</msg>
<status status="PASS" starttime="20200219 00:10:51.507" endtime="20200219 00:10:51.666"></status>
</kw>
<kw name="Input Text" library="SeleniumLibrary">
<doc>Types the given ``text`` into the text field identified by ``locator``.</doc>
<arguments>
<arg>name:address</arg>
<arg>${mail}</arg>
</arguments>
<msg timestamp="20200219 00:10:51.667" level="INFO">Typing text 'GeraVihar,Viman Nagar' into text field 'name:address'.</msg>
<status status="PASS" starttime="20200219 00:10:51.666" endtime="20200219 00:10:51.852"></status>
</kw>
<kw name="Get Title" library="SeleniumLibrary">
<doc>Returns the title of the current page.</doc>
<assign>
<var>${Title}</var>
</assign>
<msg timestamp="20200219 00:10:51.858" level="INFO">${Title} = Login &amp; Sign Up Forms</msg>
<status status="PASS" starttime="20200219 00:10:51.852" endtime="20200219 00:10:51.858"></status>
</kw>
<kw name="Log" library="BuiltIn">
<doc>Logs the given message with the given level.</doc>
<arguments>
<arg>${Title}</arg>
</arguments>
<msg timestamp="20200219 00:10:51.859" level="INFO">Login &amp; Sign Up Forms</msg>
<status status="PASS" starttime="20200219 00:10:51.858" endtime="20200219 00:10:51.859"></status>
</kw>
<status status="PASS" starttime="20200219 00:10:51.507" endtime="20200219 00:10:51.859"></status>
</kw>
<kw name="Select Radio Button" library="SeleniumLibrary">
<doc>Sets the radio button group ``group_name`` to ``value``.</doc>
<arguments>
<arg>add_type</arg>
<arg>home</arg>
</arguments>
<msg timestamp="20200219 00:10:51.860" level="INFO">Selecting 'home' from radio button 'add_type'.</msg>
<status status="PASS" starttime="20200219 00:10:51.859" endtime="20200219 00:10:51.937"></status>
</kw>
<kw name="Select From List By Value" library="SeleniumLibrary">
<doc>Selects options from selection list ``locator`` by ``values``.</doc>
<arguments>
<arg>name:sex</arg>
<arg>1</arg>
</arguments>
<msg timestamp="20200219 00:10:51.938" level="INFO">Selecting options from selection list 'name:sex' by value 1.</msg>
<status status="PASS" starttime="20200219 00:10:51.937" endtime="20200219 00:10:52.035"></status>
</kw>
<kw name="Select From List By Label" library="SeleniumLibrary">
<doc>Selects options from selection list ``locator`` by ``labels``.</doc>
<arguments>
<arg>name:country</arg>
<arg>India</arg>
</arguments>
<msg timestamp="20200219 00:10:52.036" level="INFO">Selecting options from selection list 'name:country' by label India.</msg>
<status status="PASS" starttime="20200219 00:10:52.035" endtime="20200219 00:10:52.140"></status>
</kw>
<kw name="Sleep" library="BuiltIn">
<doc>Pauses the test executed for the given time.</doc>
<arguments>
<arg>5s</arg>
</arguments>
<msg timestamp="20200219 00:10:57.140" level="INFO">Slept 5 seconds</msg>
<status status="PASS" starttime="20200219 00:10:52.140" endtime="20200219 00:10:57.140"></status>
</kw>
<kw name="Select From List By Label" library="SeleniumLibrary">
<doc>Selects options from selection list ``locator`` by ``labels``.</doc>
<arguments>
<arg>name:state</arg>
<arg>Maharashtra</arg>
</arguments>
<msg timestamp="20200219 00:10:57.142" level="INFO">Selecting options from selection list 'name:state' by label Maharashtra.</msg>
<status status="PASS" starttime="20200219 00:10:57.142" endtime="20200219 00:10:57.304"></status>
</kw>
<kw name="Sleep" library="BuiltIn">
<doc>Pauses the test executed for the given time.</doc>
<arguments>
<arg>5s</arg>
</arguments>
<msg timestamp="20200219 00:11:02.306" level="INFO">Slept 5 seconds</msg>
<status status="PASS" starttime="20200219 00:10:57.305" endtime="20200219 00:11:02.306"></status>
</kw>
<kw name="Select From List By Label" library="SeleniumLibrary">
<doc>Selects options from selection list ``locator`` by ``labels``.</doc>
<arguments>
<arg>name:city</arg>
<arg>Nandgaon</arg>
</arguments>
<msg timestamp="20200219 00:11:02.307" level="INFO">Selecting options from selection list 'name:city' by label Nandgaon.</msg>
<status status="PASS" starttime="20200219 00:11:02.307" endtime="20200219 00:11:02.472"></status>
</kw>
<kw name="Input Text" library="SeleniumLibrary">
<doc>Types the given ``text`` into the text field identified by ``locator``.</doc>
<arguments>
<arg>name:zip</arg>
<arg>423106</arg>
</arguments>
<msg timestamp="20200219 00:11:02.475" level="INFO">Typing text '423106' into text field 'name:zip'.</msg>
<status status="PASS" starttime="20200219 00:11:02.474" endtime="20200219 00:11:02.612"></status>
</kw>
<kw name="Select Checkbox" library="SeleniumLibrary">
<doc>Selects the checkbox identified by ``locator``.</doc>
<arguments>
<arg>name:terms</arg>
</arguments>
<msg timestamp="20200219 00:11:02.612" level="INFO">Selecting checkbox 'name:terms'.</msg>
<status status="PASS" starttime="20200219 00:11:02.612" endtime="20200219 00:11:02.770"></status>
</kw>
<kw name="End Browser" library="Resources1">
<kw name="Close Browser" library="SeleniumLibrary">
<doc>Closes the current browser.</doc>
<status status="PASS" starttime="20200219 00:11:02.772" endtime="20200219 00:11:04.971"></status>
</kw>
<status status="PASS" starttime="20200219 00:11:02.771" endtime="20200219 00:11:04.972"></status>
</kw>
<status status="PASS" starttime="20200219 00:10:45.014" endtime="20200219 00:11:04.973" critical="yes"></status>
</test>
<status status="PASS" starttime="20200219 00:10:44.792" endtime="20200219 00:11:04.977"></status>
</suite>
<statistics>
<total>
<stat pass="1" fail="0">Critical Tests</stat>
<stat pass="1" fail="0">All Tests</stat>
</total>
<tag>
</tag>
<suite>
<stat pass="1" fail="0" id="s1" name="MyTest02 Locators">MyTest02 Locators</stat>
</suite>
</statistics>
<errors>
</errors>
</robot>
